AndroidAopDemo/build/outputs/logs/manifest-merger-debug-report.txt
-- Merging decision tree log ---
manifest
ADDED from MyApplication/AndroidAopDemo/AndroidManifest.xml:2:1-29:12
	package
		ADDED from MyApplication/AndroidAopDemo/AndroidManifest.xml:2:11-40
	android:versionName
		ADDED from MyApplication/AndroidAopDemo/AndroidManifest.xml:5:11-38
		INJECTED from MyApplication/AndroidAopDemo/AndroidManifest.xml
		INJECTED from MyApplication/AndroidAopDemo/AndroidManifest.xml
	android:versionCode
		ADDED from MyApplication/AndroidAopDemo/AndroidManifest.xml:4:11-36
		INJECTED from MyApplication/AndroidAopDemo/AndroidManifest.xml
		INJECTED from MyApplication/AndroidAopDemo/AndroidManifest.xml
	xmlns:android
		ADDED from MyApplication/AndroidAopDemo/AndroidManifest.xml:3:11-69
uses-permission#android.permission.WRITE_EXTERNAL_STORAGE
ADDED from MyApplication/AndroidAopDemo/AndroidManifest.xml:7:5-80
	android:name
		ADDED from MyApplication/AndroidAopDemo/AndroidManifest.xml:7:22-78
uses-sdk
ADDED from MyApplication/AndroidAopDemo/AndroidManifest.xml:9:5-11:40
	android:targetSdkVersion
		ADDED from MyApplication/AndroidAopDemo/AndroidManifest.xml:11:9-38
	android:minSdkVersion
		ADDED from MyApplication/AndroidAopDemo/AndroidManifest.xml:10:9-35
application
ADDED from MyApplication/AndroidAopDemo/AndroidManifest.xml:13:5-27:19
	android:label
		ADDED from MyApplication/AndroidAopDemo/AndroidManifest.xml:16:9-41
	android:icon
		ADDED from MyApplication/AndroidAopDemo/AndroidManifest.xml:15:9-45
	android:theme
		ADDED from MyApplication/AndroidAopDemo/AndroidManifest.xml:17:9-62
	android:name
		ADDED from MyApplication/AndroidAopDemo/AndroidManifest.xml:14:9-59
activity#com.androidaop.demo.AopDemoActivity
ADDED from MyApplication/AndroidAopDemo/AndroidManifest.xml:18:9-26:20
	android:screenOrientation
		ADDED from MyApplication/AndroidAopDemo/AndroidManifest.xml:20:13-49
	android:name
		ADDED from MyApplication/AndroidAopDemo/AndroidManifest.xml:19:13-63
intent-filter#android.intent.action.MAIN+android.intent.category.LAUNCHER
ADDED from MyApplication/AndroidAopDemo/AndroidManifest.xml:21:13-25:29
action#android.intent.action.MAIN
ADDED from MyApplication/AndroidAopDemo/AndroidManifest.xml:22:17-68
	android:name
		ADDED from MyApplication/AndroidAopDemo/AndroidManifest.xml:22:25-66
category#android.intent.category.LAUNCHER
ADDED from MyApplication/AndroidAopDemo/AndroidManifest.xml:24:17-76
	android:name
		ADDED from MyApplication/AndroidAopDemo/AndroidManifest.xml:24:27-74